Change Physical Footprint: Designator=C1 Old Footprint=SMD_TANTAL_2917 New Footprint=SMD_TANTAL_2917
Change Physical Footprint: Designator=C2 Old Footprint=SMD_RC_0603 New Footprint=SMD_RC_0603
Change Physical Footprint: Designator=C3 Old Footprint=SMD_RC_0603 New Footprint=SMD_RC_0603
Change Physical Footprint: Designator=C4 Old Footprint=SMD_RC_0603 New Footprint=SMD_RC_0603
Change Physical Footprint: Designator=C5 Old Footprint=SMD_RC_0603 New Footprint=SMD_RC_0603
Change Physical Footprint: Designator=C6 Old Footprint=SMD_RC_0603 New Footprint=SMD_RC_0603
Change Physical Footprint: Designator=C7 Old Footprint=SMD_RC_0603 New Footprint=SMD_RC_0603
Change Physical Footprint: Designator=C8 Old Footprint=SMD_RC_0603 New Footprint=SMD_RC_0603
Change Physical Footprint: Designator=J1 Old Footprint=PAD_2512X2 New Footprint=PAD_2512x2
Change Physical Footprint: Designator=LED1 Old Footprint=SMD_LED_0603 New Footprint=SMD_LED_0603
Change Physical Footprint: Designator=LED2 Old Footprint=SMD_LED_RGB_3528 New Footprint=SMD_LED_RGB_3528
Change Physical Footprint: Designator=R1 Old Footprint=SMD_RC_0603 New Footprint=SMD_RC_0603
Change Physical Footprint: Designator=R2 Old Footprint=SMD_RC_0603 New Footprint=SMD_RC_0603
Change Physical Footprint: Designator=R3 Old Footprint=SMD_RC_0603 New Footprint=SMD_RC_0603
Change Physical Footprint: Designator=R4 Old Footprint=SMD_RC_0603 New Footprint=SMD_RC_0603
Change Physical Footprint: Designator=R5 Old Footprint=SMD_RC_0603 New Footprint=SMD_RC_0603
Change Physical Footprint: Designator=R6 Old Footprint=SMD_RC_0603 New Footprint=SMD_RC_0603
Change Physical Footprint: Designator=R7 Old Footprint=SMD_RC_0603 New Footprint=SMD_RC_0603
Change Physical Footprint: Designator=R8 Old Footprint=SMD_RC_0603 New Footprint=SMD_RC_0603
Change Physical Footprint: Designator=R9 Old Footprint=SMD_RC_0603 New Footprint=SMD_RC_0603
Change Physical Footprint: Designator=R10 Old Footprint=SMD_RC_0603 New Footprint=SMD_RC_0603
Change Physical Footprint: Designator=S1 Old Footprint=SW_SMD_1 New Footprint=SW_SMD_1
Change Physical Footprint: Designator=S2 Old Footprint=SW_SMD_1 New Footprint=SW_SMD_1
Change Physical Footprint: Designator=U1 Old Footprint=SOT-223 New Footprint=SOT-223
Change Physical Footprint: Designator=U3 Old Footprint=QUAD_24_EXTENDED New Footprint=QUAD_24_EXTENDED
Change Physical Footprint: Designator=U? Old Footprint=ESP8266_ESP12E_SIMPLER New Footprint=ESP8266_ESP12E_SIMPLER
