Change Physical Footprint: Designator=C1 Old Footprint=SMD_TANTAL_1206 New Footprint=SMD_TANTAL_1206
Change Physical Footprint: Designator=C2 Old Footprint=SMD_RC_2512 New Footprint=SMD_RC_2512
Change Physical Footprint: Designator=C3 Old Footprint=SMD_RC_2512 New Footprint=SMD_RC_2512
Change Physical Footprint: Designator=C4 Old Footprint=SMD_RC_0201 New Footprint=SMD_RC_0201
Change Physical Footprint: Designator=C5 Old Footprint=SMD_RC_0201 New Footprint=SMD_RC_0201
Change Physical Footprint: Designator=C6 Old Footprint=SMD_RC_0201 New Footprint=SMD_RC_0201
Change Physical Footprint: Designator=C7 Old Footprint=SMD_RC_0201 New Footprint=SMD_RC_0201
Change Physical Footprint: Designator=C8 Old Footprint=SMD_RC_0201 New Footprint=SMD_RC_0201
Change Physical Footprint: Designator=J1 Old Footprint=PAD_2512x2 New Footprint=PAD_2512x2
Change Physical Footprint: Designator=J2 Old Footprint=PAD_0805 New Footprint=PAD_0805
Change Physical Footprint: Designator=J3 Old Footprint=PAD_0805 New Footprint=PAD_0805
Change Physical Footprint: Designator=J4 Old Footprint=PAD_0805 New Footprint=PAD_0805
Change Physical Footprint: Designator=LED2 Old Footprint=SMD_LED_RGB_3528 New Footprint=SMD_LED_RGB_3528
Change Physical Footprint: Designator=R1 Old Footprint=SMD_RC_0603 New Footprint=SMD_RC_0603
Change Physical Footprint: Designator=R2 Old Footprint=SMD_RC_0603 New Footprint=SMD_RC_0603
Change Physical Footprint: Designator=R3 Old Footprint=SMD_RC_0603 New Footprint=SMD_RC_0603
Change Physical Footprint: Designator=R4 Old Footprint=SMD_RC_0603 New Footprint=SMD_RC_0603
Change Physical Footprint: Designator=R5 Old Footprint=SMD_RC_0603 New Footprint=SMD_RC_0603
Change Physical Footprint: Designator=R6 Old Footprint=SMD_RC_0603 New Footprint=SMD_RC_0603
Change Physical Footprint: Designator=R7 Old Footprint=SMD_RC_0603 New Footprint=SMD_RC_0603
Change Physical Footprint: Designator=R8 Old Footprint=SMD_RC_0603 New Footprint=SMD_RC_0603
Change Physical Footprint: Designator=R9 Old Footprint=SMD_RC_0603 New Footprint=SMD_RC_0603
Change Physical Footprint: Designator=R10 Old Footprint=SMD_RC_0603 New Footprint=SMD_RC_0603
Change Physical Footprint: Designator=U1 Old Footprint=SOT-223 New Footprint=SOT-223
Change Physical Footprint: Designator=U2 Old Footprint=ESP8266_ESP12E New Footprint=ESP8266_ESP12E
Change Physical Footprint: Designator=U3 Old Footprint=QUAD_24_EXTENDED New Footprint=QUAD_24_EXTENDED
