Removed Pin From Net: NetName=GND Pin=J2-1
Removed Pin From Net: NetName=NetR4_1 Pin=U2-1
Removed Pin From Net: NetName=NetR6_1 Pin=U2-3
Removed Pin From Net: NetName=R Pin=U2-4
Removed Pin From Net: NetName=G Pin=U2-5
Removed Pin From Net: NetName=B Pin=U2-6
Removed Pin From Net: NetName=3V3 Pin=U2-8
Removed Pin From Net: NetName=GND Pin=U2-15
Removed Pin From Net: NetName=NetR7_2 Pin=U2-16
Removed Pin From Net: NetName=GND Pin=U2-17
Removed Pin From Net: NetName=NetR5_2 Pin=U2-18
Removed Pin From Net: NetName=SDA Pin=U2-19
Removed Pin From Net: NetName=SCL Pin=U2-20
Added Component: Designator=U?(ESP8266_ESP12E_SIMPLER)
Add component. Clean all parameters for all variants
Added Pin To Net: NetName=NetR4_1 Pin=U?-1
Added Pin To Net: NetName=NetR6_1 Pin=U?-3
Added Pin To Net: NetName=R Pin=U?-4
Added Pin To Net: NetName=G Pin=U?-5
Added Pin To Net: NetName=B Pin=U?-6
Added Pin To Net: NetName=3V3 Pin=U?-8
Added Pin To Net: NetName=GND Pin=U?-15
Added Pin To Net: NetName=NetR7_2 Pin=U?-16
Added Pin To Net: NetName=GND Pin=U?-17
Added Pin To Net: NetName=NetR5_2 Pin=U?-18
Added Pin To Net: NetName=SDA Pin=U?-19
Added Pin To Net: NetName=SCL Pin=U?-20
